<?xml version="1.0" encoding="UTF-8" ?>
<testsuite failures="0" time="0.101" errors="0" skipped="0" tests="9" name="com.springsource.roo.pizzashop.domain.ToppingIntegrationTest">
  <properties>
    <property name="java.runtime.name" value="Java(TM) SE Runtime Environment"/>
    <property name="sun.boot.library.path" value="/System/Library/Java/JavaVirtualMachines/1.6.0.jdk/Contents/Libraries"/>
    <property name="java.vm.version" value="20.4-b02-402"/>
    <property name="awt.nativeDoubleBuffering" value="true"/>
    <property name="gopherProxySet" value="false"/>
    <property name="mrj.build" value="10M3527"/>
    <property name="java.vm.vendor" value="Apple Inc."/>
    <property name="java.vendor.url" value="http://www.apple.com/"/>
    <property name="path.separator" value=":"/>
    <property name="java.vm.name" value="Java HotSpot(TM) 64-Bit Server VM"/>
    <property name="file.encoding.pkg" value="sun.io"/>
    <property name="user.country" value="JP"/>
    <property name="sun.java.launcher" value="SUN_STANDARD"/>
    <property name="sun.os.patch.level" value="unknown"/>
    <property name="java.vm.specification.name" value="Java Virtual Machine Specification"/>
    <property name="user.dir" value="/Users/hzmyh/src/work/pizza"/>
    <property name="java.runtime.version" value="1.6.0_29-b11-402-10M3527"/>
    <property name="java.awt.graphicsenv" value="apple.awt.CGraphicsEnvironment"/>
    <property name="basedir" value="/Users/hzmyh/src/work/pizza"/>
    <property name="java.endorsed.dirs" value="/System/Library/Java/JavaVirtualMachines/1.6.0.jdk/Contents/Home/lib/endorsed"/>
    <property name="os.arch" value="x86_64"/>
    <property name="surefire.real.class.path" value="/Users/hzmyh/src/work/pizza/target/surefire/surefirebooter3453191581527831938.jar"/>
    <property name="java.io.tmpdir" value="/var/folders/LN/LNFG8lMTF1qYlWL170lWyE+++TI/-Tmp-/"/>
    <property name="line.separator" value="
"/>
    <property name="java.vm.specification.vendor" value="Sun Microsystems Inc."/>
    <property name="os.name" value="Mac OS X"/>
    <property name="sun.jnu.encoding" value="SJIS"/>
    <property name="java.library.path" value=".:/Library/Java/Extensions:/System/Library/Java/Extensions:/usr/lib/java"/>
    <property name="surefire.test.class.path" value="/Users/hzmyh/src/work/pizza/target/test-classes:/Users/hzmyh/src/work/pizza/target/classes:/Users/hzmyh/.m2/repository/junit/junit/4.8.2/junit-4.8.2.jar:/Users/hzmyh/.m2/repository/log4j/log4j/1.2.16/log4j-1.2.16.jar:/Users/hzmyh/.m2/repository/org/slf4j/slf4j-api/1.6.1/slf4j-api-1.6.1.jar:/Users/hzmyh/.m2/repository/org/slf4j/jcl-over-slf4j/1.6.1/jcl-over-slf4j-1.6.1.jar:/Users/hzmyh/.m2/repository/org/slf4j/slf4j-log4j12/1.6.1/slf4j-log4j12-1.6.1.jar:/Users/hzmyh/.m2/repository/org/aspectj/aspectjrt/1.6.11/aspectjrt-1.6.11.jar:/Users/hzmyh/.m2/repository/org/aspectj/aspectjweaver/1.6.11/aspectjweaver-1.6.11.jar:/Users/hzmyh/.m2/repository/javax/servlet/servlet-api/2.5/servlet-api-2.5.jar:/Users/hzmyh/.m2/repository/net/sf/flexjson/flexjson/2.1/flexjson-2.1.jar:/Users/hzmyh/.m2/repository/org/springframework/roo/org.springframework.roo.annotations/1.1.5.RELEASE/org.springframework.roo.annotations-1.1.5.RELEASE.jar:/Users/hzmyh/.m2/repository/org/springframework/spring-core/3.0.5.RELEASE/spring-core-3.0.5.RELEASE.jar:/Users/hzmyh/.m2/repository/org/springframework/spring-asm/3.0.5.RELEASE/spring-asm-3.0.5.RELEASE.jar:/Users/hzmyh/.m2/repository/org/springframework/spring-test/3.0.5.RELEASE/spring-test-3.0.5.RELEASE.jar:/Users/hzmyh/.m2/repository/org/springframework/spring-context/3.0.5.RELEASE/spring-context-3.0.5.RELEASE.jar:/Users/hzmyh/.m2/repository/org/springframework/spring-beans/3.0.5.RELEASE/spring-beans-3.0.5.RELEASE.jar:/Users/hzmyh/.m2/repository/org/springframework/spring-expression/3.0.5.RELEASE/spring-expression-3.0.5.RELEASE.jar:/Users/hzmyh/.m2/repository/org/springframework/spring-aop/3.0.5.RELEASE/spring-aop-3.0.5.RELEASE.jar:/Users/hzmyh/.m2/repository/aopalliance/aopalliance/1.0/aopalliance-1.0.jar:/Users/hzmyh/.m2/repository/org/springframework/spring-aspects/3.0.5.RELEASE/spring-aspects-3.0.5.RELEASE.jar:/Users/hzmyh/.m2/repository/org/springframework/spring-context-support/3.0.5.RELEASE/spring-context-support-3.0.5.RELEASE.jar:/Users/hzmyh/.m2/repository/org/springframework/spring-tx/3.0.5.RELEASE/spring-tx-3.0.5.RELEASE.jar:/Users/hzmyh/.m2/repository/org/hsqldb/hsqldb/1.8.0.10/hsqldb-1.8.0.10.jar:/Users/hzmyh/.m2/repository/org/hibernate/hibernate-core/3.6.4.Final/hibernate-core-3.6.4.Final.jar:/Users/hzmyh/.m2/repository/antlr/antlr/2.7.6/antlr-2.7.6.jar:/Users/hzmyh/.m2/repository/commons-collections/commons-collections/3.1/commons-collections-3.1.jar:/Users/hzmyh/.m2/repository/dom4j/dom4j/1.6.1/dom4j-1.6.1.jar:/Users/hzmyh/.m2/repository/org/hibernate/hibernate-commons-annotations/3.2.0.Final/hibernate-commons-annotations-3.2.0.Final.jar:/Users/hzmyh/.m2/repository/org/hibernate/hibernate-entitymanager/3.6.4.Final/hibernate-entitymanager-3.6.4.Final.jar:/Users/hzmyh/.m2/repository/cglib/cglib/2.2/cglib-2.2.jar:/Users/hzmyh/.m2/repository/asm/asm/3.1/asm-3.1.jar:/Users/hzmyh/.m2/repository/javassist/javassist/3.12.0.GA/javassist-3.12.0.GA.jar:/Users/hzmyh/.m2/repository/org/hibernate/javax/persistence/hibernate-jpa-2.0-api/1.0.0.Final/hibernate-jpa-2.0-api-1.0.0.Final.jar:/Users/hzmyh/.m2/repository/org/hibernate/hibernate-validator/4.1.0.Final/hibernate-validator-4.1.0.Final.jar:/Users/hzmyh/.m2/repository/javax/validation/validation-api/1.0.0.GA/validation-api-1.0.0.GA.jar:/Users/hzmyh/.m2/repository/cglib/cglib-nodep/2.2/cglib-nodep-2.2.jar:/Users/hzmyh/.m2/repository/javax/transaction/jta/1.1/jta-1.1.jar:/Users/hzmyh/.m2/repository/org/springframework/spring-jdbc/3.0.5.RELEASE/spring-jdbc-3.0.5.RELEASE.jar:/Users/hzmyh/.m2/repository/org/springframework/spring-orm/3.0.5.RELEASE/spring-orm-3.0.5.RELEASE.jar:/Users/hzmyh/.m2/repository/commons-pool/commons-pool/1.5.4/commons-pool-1.5.4.jar:/Users/hzmyh/.m2/repository/commons-dbcp/commons-dbcp/1.3/commons-dbcp-1.3.jar:/Users/hzmyh/.m2/repository/org/springframework/spring-web/3.0.5.RELEASE/spring-web-3.0.5.RELEASE.jar:/Users/hzmyh/.m2/repository/org/springframework/spring-webmvc/3.0.5.RELEASE/spring-webmvc-3.0.5.RELEASE.jar:/Users/hzmyh/.m2/repository/org/springframework/webflow/spring-js-resources/2.2.1.RELEASE/spring-js-resources-2.2.1.RELEASE.jar:/Users/hzmyh/.m2/repository/commons-digester/commons-digester/2.0/commons-digester-2.0.jar:/Users/hzmyh/.m2/repository/commons-beanutils/commons-beanutils/1.8.0/commons-beanutils-1.8.0.jar:/Users/hzmyh/.m2/repository/commons-logging/commons-logging/1.1.1/commons-logging-1.1.1.jar:/Users/hzmyh/.m2/repository/commons-fileupload/commons-fileupload/1.2.1/commons-fileupload-1.2.1.jar:/Users/hzmyh/.m2/repository/javax/servlet/jsp/jstl/jstl-api/1.2/jstl-api-1.2.jar:/Users/hzmyh/.m2/repository/org/glassfish/web/jstl-impl/1.2/jstl-impl-1.2.jar:/Users/hzmyh/.m2/repository/javax/el/el-api/1.0/el-api-1.0.jar:/Users/hzmyh/.m2/repository/joda-time/joda-time/1.6/joda-time-1.6.jar:/Users/hzmyh/.m2/repository/javax/servlet/jsp/jsp-api/2.1/jsp-api-2.1.jar:/Users/hzmyh/.m2/repository/commons-codec/commons-codec/1.4/commons-codec-1.4.jar:/Users/hzmyh/.m2/repository/org/apache/tiles/tiles-core/2.2.1/tiles-core-2.2.1.jar:/Users/hzmyh/.m2/repository/org/apache/tiles/tiles-api/2.2.1/tiles-api-2.2.1.jar:/Users/hzmyh/.m2/repository/org/apache/tiles/tiles-jsp/2.2.1/tiles-jsp-2.2.1.jar:/Users/hzmyh/.m2/repository/org/apache/tiles/tiles-servlet/2.2.1/tiles-servlet-2.2.1.jar:/Users/hzmyh/.m2/repository/org/apache/tiles/tiles-template/2.2.1/tiles-template-2.2.1.jar:/Users/hzmyh/.m2/repository/org/springframework/security/spring-security-core/3.0.5.RELEASE/spring-security-core-3.0.5.RELEASE.jar:/Users/hzmyh/.m2/repository/org/springframework/security/spring-security-config/3.0.5.RELEASE/spring-security-config-3.0.5.RELEASE.jar:/Users/hzmyh/.m2/repository/org/springframework/security/spring-security-web/3.0.5.RELEASE/spring-security-web-3.0.5.RELEASE.jar:/Users/hzmyh/.m2/repository/org/springframework/security/spring-security-taglibs/3.0.5.RELEASE/spring-security-taglibs-3.0.5.RELEASE.jar:/Users/hzmyh/.m2/repository/org/springframework/security/spring-security-acl/3.0.5.RELEASE/spring-security-acl-3.0.5.RELEASE.jar:"/>
    <property name="java.specification.name" value="Java Platform API Specification"/>
    <property name="java.class.version" value="50.0"/>
    <property name="sun.management.compiler" value="HotSpot 64-Bit Tiered Compilers"/>
    <property name="os.version" value="10.6.8"/>
    <property name="http.nonProxyHosts" value="local|*.local|169.254/16|*.169.254/16"/>
    <property name="user.home" value="/Users/hzmyh"/>
    <property name="user.timezone" value="Asia/Tokyo"/>
    <property name="java.awt.printerjob" value="apple.awt.CPrinterJob"/>
    <property name="java.specification.version" value="1.6"/>
    <property name="file.encoding" value="SJIS"/>
    <property name="user.name" value="hzmyh"/>
    <property name="java.class.path" value="/Users/hzmyh/src/work/pizza/target/test-classes:/Users/hzmyh/src/work/pizza/target/classes:/Users/hzmyh/.m2/repository/junit/junit/4.8.2/junit-4.8.2.jar:/Users/hzmyh/.m2/repository/log4j/log4j/1.2.16/log4j-1.2.16.jar:/Users/hzmyh/.m2/repository/org/slf4j/slf4j-api/1.6.1/slf4j-api-1.6.1.jar:/Users/hzmyh/.m2/repository/org/slf4j/jcl-over-slf4j/1.6.1/jcl-over-slf4j-1.6.1.jar:/Users/hzmyh/.m2/repository/org/slf4j/slf4j-log4j12/1.6.1/slf4j-log4j12-1.6.1.jar:/Users/hzmyh/.m2/repository/org/aspectj/aspectjrt/1.6.11/aspectjrt-1.6.11.jar:/Users/hzmyh/.m2/repository/org/aspectj/aspectjweaver/1.6.11/aspectjweaver-1.6.11.jar:/Users/hzmyh/.m2/repository/javax/servlet/servlet-api/2.5/servlet-api-2.5.jar:/Users/hzmyh/.m2/repository/net/sf/flexjson/flexjson/2.1/flexjson-2.1.jar:/Users/hzmyh/.m2/repository/org/springframework/roo/org.springframework.roo.annotations/1.1.5.RELEASE/org.springframework.roo.annotations-1.1.5.RELEASE.jar:/Users/hzmyh/.m2/repository/org/springframework/spring-core/3.0.5.RELEASE/spring-core-3.0.5.RELEASE.jar:/Users/hzmyh/.m2/repository/org/springframework/spring-asm/3.0.5.RELEASE/spring-asm-3.0.5.RELEASE.jar:/Users/hzmyh/.m2/repository/org/springframework/spring-test/3.0.5.RELEASE/spring-test-3.0.5.RELEASE.jar:/Users/hzmyh/.m2/repository/org/springframework/spring-context/3.0.5.RELEASE/spring-context-3.0.5.RELEASE.jar:/Users/hzmyh/.m2/repository/org/springframework/spring-beans/3.0.5.RELEASE/spring-beans-3.0.5.RELEASE.jar:/Users/hzmyh/.m2/repository/org/springframework/spring-expression/3.0.5.RELEASE/spring-expression-3.0.5.RELEASE.jar:/Users/hzmyh/.m2/repository/org/springframework/spring-aop/3.0.5.RELEASE/spring-aop-3.0.5.RELEASE.jar:/Users/hzmyh/.m2/repository/aopalliance/aopalliance/1.0/aopalliance-1.0.jar:/Users/hzmyh/.m2/repository/org/springframework/spring-aspects/3.0.5.RELEASE/spring-aspects-3.0.5.RELEASE.jar:/Users/hzmyh/.m2/repository/org/springframework/spring-context-support/3.0.5.RELEASE/spring-context-support-3.0.5.RELEASE.jar:/Users/hzmyh/.m2/repository/org/springframework/spring-tx/3.0.5.RELEASE/spring-tx-3.0.5.RELEASE.jar:/Users/hzmyh/.m2/repository/org/hsqldb/hsqldb/1.8.0.10/hsqldb-1.8.0.10.jar:/Users/hzmyh/.m2/repository/org/hibernate/hibernate-core/3.6.4.Final/hibernate-core-3.6.4.Final.jar:/Users/hzmyh/.m2/repository/antlr/antlr/2.7.6/antlr-2.7.6.jar:/Users/hzmyh/.m2/repository/commons-collections/commons-collections/3.1/commons-collections-3.1.jar:/Users/hzmyh/.m2/repository/dom4j/dom4j/1.6.1/dom4j-1.6.1.jar:/Users/hzmyh/.m2/repository/org/hibernate/hibernate-commons-annotations/3.2.0.Final/hibernate-commons-annotations-3.2.0.Final.jar:/Users/hzmyh/.m2/repository/org/hibernate/hibernate-entitymanager/3.6.4.Final/hibernate-entitymanager-3.6.4.Final.jar:/Users/hzmyh/.m2/repository/cglib/cglib/2.2/cglib-2.2.jar:/Users/hzmyh/.m2/repository/asm/asm/3.1/asm-3.1.jar:/Users/hzmyh/.m2/repository/javassist/javassist/3.12.0.GA/javassist-3.12.0.GA.jar:/Users/hzmyh/.m2/repository/org/hibernate/javax/persistence/hibernate-jpa-2.0-api/1.0.0.Final/hibernate-jpa-2.0-api-1.0.0.Final.jar:/Users/hzmyh/.m2/repository/org/hibernate/hibernate-validator/4.1.0.Final/hibernate-validator-4.1.0.Final.jar:/Users/hzmyh/.m2/repository/javax/validation/validation-api/1.0.0.GA/validation-api-1.0.0.GA.jar:/Users/hzmyh/.m2/repository/cglib/cglib-nodep/2.2/cglib-nodep-2.2.jar:/Users/hzmyh/.m2/repository/javax/transaction/jta/1.1/jta-1.1.jar:/Users/hzmyh/.m2/repository/org/springframework/spring-jdbc/3.0.5.RELEASE/spring-jdbc-3.0.5.RELEASE.jar:/Users/hzmyh/.m2/repository/org/springframework/spring-orm/3.0.5.RELEASE/spring-orm-3.0.5.RELEASE.jar:/Users/hzmyh/.m2/repository/commons-pool/commons-pool/1.5.4/commons-pool-1.5.4.jar:/Users/hzmyh/.m2/repository/commons-dbcp/commons-dbcp/1.3/commons-dbcp-1.3.jar:/Users/hzmyh/.m2/repository/org/springframework/spring-web/3.0.5.RELEASE/spring-web-3.0.5.RELEASE.jar:/Users/hzmyh/.m2/repository/org/springframework/spring-webmvc/3.0.5.RELEASE/spring-webmvc-3.0.5.RELEASE.jar:/Users/hzmyh/.m2/repository/org/springframework/webflow/spring-js-resources/2.2.1.RELEASE/spring-js-resources-2.2.1.RELEASE.jar:/Users/hzmyh/.m2/repository/commons-digester/commons-digester/2.0/commons-digester-2.0.jar:/Users/hzmyh/.m2/repository/commons-beanutils/commons-beanutils/1.8.0/commons-beanutils-1.8.0.jar:/Users/hzmyh/.m2/repository/commons-logging/commons-logging/1.1.1/commons-logging-1.1.1.jar:/Users/hzmyh/.m2/repository/commons-fileupload/commons-fileupload/1.2.1/commons-fileupload-1.2.1.jar:/Users/hzmyh/.m2/repository/javax/servlet/jsp/jstl/jstl-api/1.2/jstl-api-1.2.jar:/Users/hzmyh/.m2/repository/org/glassfish/web/jstl-impl/1.2/jstl-impl-1.2.jar:/Users/hzmyh/.m2/repository/javax/el/el-api/1.0/el-api-1.0.jar:/Users/hzmyh/.m2/repository/joda-time/joda-time/1.6/joda-time-1.6.jar:/Users/hzmyh/.m2/repository/javax/servlet/jsp/jsp-api/2.1/jsp-api-2.1.jar:/Users/hzmyh/.m2/repository/commons-codec/commons-codec/1.4/commons-codec-1.4.jar:/Users/hzmyh/.m2/repository/org/apache/tiles/tiles-core/2.2.1/tiles-core-2.2.1.jar:/Users/hzmyh/.m2/repository/org/apache/tiles/tiles-api/2.2.1/tiles-api-2.2.1.jar:/Users/hzmyh/.m2/repository/org/apache/tiles/tiles-jsp/2.2.1/tiles-jsp-2.2.1.jar:/Users/hzmyh/.m2/repository/org/apache/tiles/tiles-servlet/2.2.1/tiles-servlet-2.2.1.jar:/Users/hzmyh/.m2/repository/org/apache/tiles/tiles-template/2.2.1/tiles-template-2.2.1.jar:/Users/hzmyh/.m2/repository/org/springframework/security/spring-security-core/3.0.5.RELEASE/spring-security-core-3.0.5.RELEASE.jar:/Users/hzmyh/.m2/repository/org/springframework/security/spring-security-config/3.0.5.RELEASE/spring-security-config-3.0.5.RELEASE.jar:/Users/hzmyh/.m2/repository/org/springframework/security/spring-security-web/3.0.5.RELEASE/spring-security-web-3.0.5.RELEASE.jar:/Users/hzmyh/.m2/repository/org/springframework/security/spring-security-taglibs/3.0.5.RELEASE/spring-security-taglibs-3.0.5.RELEASE.jar:/Users/hzmyh/.m2/repository/org/springframework/security/spring-security-acl/3.0.5.RELEASE/spring-security-acl-3.0.5.RELEASE.jar:"/>
    <property name="java.vm.specification.version" value="1.0"/>
    <property name="sun.arch.data.model" value="64"/>
    <property name="java.home" value="/System/Library/Java/JavaVirtualMachines/1.6.0.jdk/Contents/Home"/>
    <property name="sun.java.command" value="/Users/hzmyh/src/work/pizza/target/surefire/surefirebooter3453191581527831938.jar /Users/hzmyh/src/work/pizza/target/surefire/surefire5857176819513439927tmp /Users/hzmyh/src/work/pizza/target/surefire/surefire1165288093117572729tmp"/>
    <property name="java.specification.vendor" value="Sun Microsystems Inc."/>
    <property name="user.language" value="ja"/>
    <property name="awt.toolkit" value="apple.awt.CToolkit"/>
    <property name="java.vm.info" value="mixed mode"/>
    <property name="java.version" value="1.6.0_29"/>
    <property name="java.ext.dirs" value="/Library/Java/Extensions:/System/Library/Java/Extensions:/System/Library/Java/JavaVirtualMachines/1.6.0.jdk/Contents/Home/lib/ext"/>
    <property name="sun.boot.class.path" value="/System/Library/Java/JavaVirtualMachines/1.6.0.jdk/Contents/Classes/jsfd.jar:/System/Library/Java/JavaVirtualMachines/1.6.0.jdk/Contents/Classes/classes.jar:/System/Library/Frameworks/JavaVM.framework/Frameworks/JavaRuntimeSupport.framework/Resources/Java/JavaRuntimeSupport.jar:/System/Library/Java/JavaVirtualMachines/1.6.0.jdk/Contents/Classes/ui.jar:/System/Library/Java/JavaVirtualMachines/1.6.0.jdk/Contents/Classes/laf.jar:/System/Library/Java/JavaVirtualMachines/1.6.0.jdk/Contents/Classes/sunrsasign.jar:/System/Library/Java/JavaVirtualMachines/1.6.0.jdk/Contents/Classes/jsse.jar:/System/Library/Java/JavaVirtualMachines/1.6.0.jdk/Contents/Classes/jce.jar:/System/Library/Java/JavaVirtualMachines/1.6.0.jdk/Contents/Classes/charsets.jar"/>
    <property name="java.vendor" value="Apple Inc."/>
    <property name="localRepository" value="/Users/hzmyh/.m2/repository"/>
    <property name="file.separator" value="/"/>
    <property name="java.vendor.url.bug" value="http://bugreport.apple.com/"/>
    <property name="sun.cpu.endian" value="little"/>
    <property name="sun.io.unicode.encoding" value="UnicodeLittle"/>
    <property name="mrj.version" value="1060.1.6.0_29-402"/>
    <property name="socksNonProxyHosts" value="local|*.local|169.254/16|*.169.254/16"/>
    <property name="ftp.nonProxyHosts" value="local|*.local|169.254/16|*.169.254/16"/>
    <property name="sun.cpu.isalist" value=""/>
  </properties>
  <testcase time="0.006" classname="com.springsource.roo.pizzashop.domain.ToppingIntegrationTest" name="testMarkerMethod"/>
  <testcase time="0.017" classname="com.springsource.roo.pizzashop.domain.ToppingIntegrationTest" name="testFlush"/>
  <testcase time="0.009" classname="com.springsource.roo.pizzashop.domain.ToppingIntegrationTest" name="testMerge"/>
  <testcase time="0.014" classname="com.springsource.roo.pizzashop.domain.ToppingIntegrationTest" name="testPersist"/>
  <testcase time="0.01" classname="com.springsource.roo.pizzashop.domain.ToppingIntegrationTest" name="testRemove"/>
  <testcase time="0.014" classname="com.springsource.roo.pizzashop.domain.ToppingIntegrationTest" name="testCountToppings"/>
  <testcase time="0.008" classname="com.springsource.roo.pizzashop.domain.ToppingIntegrationTest" name="testFindTopping"/>
  <testcase time="0.01" classname="com.springsource.roo.pizzashop.domain.ToppingIntegrationTest" name="testFindAllToppings"/>
  <testcase time="0.009" classname="com.springsource.roo.pizzashop.domain.ToppingIntegrationTest" name="testFindToppingEntries"/>
</testsuite>